
[2026-04-08T11:36:14.823Z] DEPLOYMENT START
Loading posted tickers...
Loaded 13 previously posted tickers

[2026-04-08T11:36:45.340Z] DEPLOYMENT START
Loading posted tickers...
Loaded 20 previously posted tickers

[2026-04-08T11:40:30.424Z] DEPLOYMENT START
Loading posted tickers...
Loaded 20 previously posted tickers

[2026-04-08T11:42:26.658Z] DEPLOYMENT START
Loading posted tickers...
Loaded 20 previously posted tickers

[2026-04-08T11:51:53.134Z] DEPLOYMENT START
Posted file path: C:\Users\Dell\New folder\posted_tickers.json
Ticker data file path: C:\Users\Dell\New folder\ticker_data.json
Screener URL: https://finviz.com/screener.ashx?v=211&f=sh_short_o10,ta_highlow50d_nh&ft=3&o=high52w

=== DEPLOYMENT START ===

Loading posted tickers...
Loaded 20 previously posted tickers
Fetching tickers from screener...
Screener HTML fetched, parsing tickers...
Found 12 ticker matches
✓ Found 12 unique tickers: FMC, BETR, PROP, AGEN, SLNO...

[2026-04-08T11:52:05.226Z] DEPLOYMENT COMPLETE


[2026-04-08T11:54:04.628Z] DEPLOYMENT START
Posted file path: C:\Users\Dell\New folder\posted_tickers.json
Ticker data file path: C:\Users\Dell\New folder\ticker_data.json
Screener URL: https://finviz.com/screener.ashx?v=211&f=sh_short_o10,ta_highlow50d_nh&ft=3&o=high52w

=== DEPLOYMENT START ===

Loading posted tickers...
Loaded 20 previously posted tickers
Fetching tickers from screener...
Screener HTML fetched, parsing tickers...
Found 12 ticker matches
✓ Found 12 unique tickers: FMC, BETR, PROP, AGEN, SLNO...

[2026-04-08T11:54:15.420Z] DEPLOYMENT COMPLETE

